<?xml version="1.0" encoding="UTF-8"?>
<coverage generated="1733157661779" clover="3.2.0">
  <project timestamp="1733157661779" name="All files">
    <metrics statements="51" coveredstatements="22" conditionals="16" coveredconditionals="6" methods="23" coveredmethods="11" elements="90" coveredelements="39" complexity="0" loc="51" ncloc="51" packages="4" files="4" classes="4"/>
    <package name="components.CalendarApp.EventSideBar">
      <metrics statements="3" coveredstatements="3" conditionals="2" coveredconditionals="2" methods="2" coveredmethods="2"/>
      <file name="EventsApp.jsx" path="C:\kbtu_project\copy_repo\onlinescheduler\Online-scheduler\my-app\src\components\CalendarApp\EventSideBar\EventsApp.jsx">
        <metrics statements="3" coveredstatements="3" conditionals="2" coveredconditionals="2" methods="2" coveredmethods="2"/>
        <line num="6" count="2" type="stmt"/>
        <line num="7" count="6" type="stmt"/>
        <line num="8" count="3" type="stmt"/>
      </file>
    </package>
    <package name="components.CalendarApp.EventSideBar.EventPopup">
      <metrics statements="23" coveredstatements="9" conditionals="10" coveredconditionals="2" methods="7" coveredmethods="4"/>
      <file name="EventPopup.jsx" path="C:\kbtu_project\copy_repo\onlinescheduler\Online-scheduler\my-app\src\components\CalendarApp\EventSideBar\EventPopup\EventPopup.jsx">
        <metrics statements="23" coveredstatements="9" conditionals="10" coveredconditionals="2" methods="7" coveredmethods="4"/>
        <line num="11" count="3" type="stmt"/>
        <line num="12" count="8" type="stmt"/>
        <line num="13" count="14" type="stmt"/>
        <line num="15" count="7" type="stmt"/>
        <line num="16" count="0" type="stmt"/>
        <line num="17" count="0" type="stmt"/>
        <line num="19" count="0" type="stmt"/>
        <line num="22" count="7" type="stmt"/>
        <line num="23" count="0" type="stmt"/>
        <line num="30" count="0" type="stmt"/>
        <line num="31" count="0" type="cond" truecount="0" falsecount="2"/>
        <line num="32" count="0" type="stmt"/>
        <line num="33" count="0" type="cond" truecount="0" falsecount="2"/>
        <line num="36" count="0" type="stmt"/>
        <line num="40" count="0" type="stmt"/>
        <line num="41" count="0" type="stmt"/>
        <line num="42" count="0" type="stmt"/>
        <line num="43" count="0" type="stmt"/>
        <line num="44" count="0" type="stmt"/>
        <line num="47" count="7" type="stmt"/>
        <line num="74" count="1" type="cond" truecount="1" falsecount="1"/>
        <line num="75" count="1" type="stmt"/>
        <line num="84" count="1" type="stmt"/>
      </file>
    </package>
    <package name="components.CalendarApp.EventSideBar.Events">
      <metrics statements="9" coveredstatements="5" conditionals="4" coveredconditionals="2" methods="5" coveredmethods="2"/>
      <file name="Events.jsx" path="C:\kbtu_project\copy_repo\onlinescheduler\Online-scheduler\my-app\src\components\CalendarApp\EventSideBar\Events\Events.jsx">
        <metrics statements="9" coveredstatements="5" conditionals="4" coveredconditionals="2" methods="5" coveredmethods="2"/>
        <line num="6" count="2" type="stmt"/>
        <line num="8" count="3" type="stmt"/>
        <line num="9" count="3" type="stmt"/>
        <line num="10" count="6" type="cond" truecount="1" falsecount="1"/>
        <line num="12" count="3" type="cond" truecount="1" falsecount="1"/>
        <line num="14" count="0" type="stmt"/>
        <line num="18" count="0" type="stmt"/>
        <line num="30" count="0" type="stmt"/>
        <line num="32" count="0" type="stmt"/>
      </file>
    </package>
    <package name="store">
      <metrics statements="16" coveredstatements="5" conditionals="0" coveredconditionals="0" methods="9" coveredmethods="3"/>
      <file name="eventsSlice.js" path="C:\kbtu_project\copy_repo\onlinescheduler\Online-scheduler\my-app\src\store\eventsSlice.js">
        <metrics statements="16" coveredstatements="5" conditionals="0" coveredconditionals="0" methods="9" coveredmethods="3"/>
        <line num="3" count="4" type="stmt"/>
        <line num="15" count="0" type="stmt"/>
        <line num="18" count="1" type="stmt"/>
        <line num="21" count="1" type="stmt"/>
        <line num="24" count="0" type="stmt"/>
        <line num="27" count="0" type="stmt"/>
        <line num="30" count="1" type="stmt"/>
        <line num="33" count="0" type="stmt"/>
        <line num="34" count="0" type="stmt"/>
        <line num="37" count="0" type="stmt"/>
        <line num="38" count="0" type="stmt"/>
        <line num="39" count="0" type="stmt"/>
        <line num="43" count="0" type="stmt"/>
        <line num="44" count="0" type="stmt"/>
        <line num="45" count="0" type="stmt"/>
        <line num="59" count="4" type="stmt"/>
      </file>
    </package>
  </project>
</coverage>
