{"C:\\kbtu_project\\copy_repo\\onlinescheduler\\Online-scheduler\\my-app\\src\\components\\CalendarApp\\EventSideBar\\EventsApp.jsx": {"path":"C:\\kbtu_project\\copy_repo\\onlinescheduler\\Online-scheduler\\my-app\\src\\components\\CalendarApp\\EventSideBar\\EventsApp.jsx","statementMap":{"0":{"start":{"line":6,"column":18},"end":{"line":15,"column":1}},"1":{"start":{"line":7,"column":27},"end":{"line":7,"column":61}},"2":{"start":{"line":7,"column":48},"end":{"line":7,"column":60}},"3":{"start":{"line":8,"column":4},"end":{"line":14,"column":6}}},"fnMap":{"0":{"name":"(anonymous_0)","decl":{"start":{"line":6,"column":18},"end":{"line":6,"column":19}},"loc":{"start":{"line":6,"column":24},"end":{"line":15,"column":1}},"line":6},"1":{"name":"(anonymous_1)","decl":{"start":{"line":7,"column":39},"end":{"line":7,"column":40}},"loc":{"start":{"line":7,"column":48},"end":{"line":7,"column":60}},"line":7}},"branchMap":{"0":{"loc":{"start":{"line":10,"column":13},"end":{"line":10,"column":56}},"type":"binary-expr","locations":[{"start":{"line":10,"column":13},"end":{"line":10,"column":27}},{"start":{"line":10,"column":31},"end":{"line":10,"column":56}}],"line":10}},"s":{"0":2,"1":4,"2":6,"3":3},"f":{"0":4,"1":6},"b":{"0":[3,2]},"_coverageSchema":"1a1c01bbd47fc00a2c39e90264f33305004495a9","hash":"ec1d583dc2a4e6f17c8e40cb3baf1a7ee5efd0c6"}
,"C:\\kbtu_project\\copy_repo\\onlinescheduler\\Online-scheduler\\my-app\\src\\components\\CalendarApp\\EventSideBar\\EventPopup\\EventPopup.jsx": {"path":"C:\\kbtu_project\\copy_repo\\onlinescheduler\\Online-scheduler\\my-app\\src\\components\\CalendarApp\\EventSideBar\\EventPopup\\EventPopup.jsx","statementMap":{"0":{"start":{"line":11,"column":19},"end":{"line":90,"column":1}},"1":{"start":{"line":12,"column":21},"end":{"line":12,"column":34}},"2":{"start":{"line":13,"column":73},"end":{"line":13,"column":107}},"3":{"start":{"line":13,"column":94},"end":{"line":13,"column":106}},"4":{"start":{"line":15,"column":29},"end":{"line":20,"column":5}},"5":{"start":{"line":16,"column":21},"end":{"line":16,"column":34}},"6":{"start":{"line":17,"column":22},"end":{"line":17,"column":36}},"7":{"start":{"line":19,"column":8},"end":{"line":19,"column":81}},"8":{"start":{"line":22,"column":30},"end":{"line":45,"column":76}},"9":{"start":{"line":23,"column":25},"end":{"line":28,"column":9}},"10":{"start":{"line":30,"column":28},"end":{"line":30,"column":39}},"11":{"start":{"line":31,"column":8},"end":{"line":37,"column":9}},"12":{"start":{"line":32,"column":12},"end":{"line":34,"column":14}},"13":{"start":{"line":33,"column":16},"end":{"line":33,"column":63}},"14":{"start":{"line":36,"column":12},"end":{"line":36,"column":41}},"15":{"start":{"line":40,"column":8},"end":{"line":40,"column":43}},"16":{"start":{"line":41,"column":8},"end":{"line":41,"column":35}},"17":{"start":{"line":42,"column":8},"end":{"line":42,"column":63}},"18":{"start":{"line":43,"column":8},"end":{"line":43,"column":43}},"19":{"start":{"line":44,"column":8},"end":{"line":44,"column":40}},"20":{"start":{"line":47,"column":4},"end":{"line":89,"column":6}},"21":{"start":{"line":74,"column":20},"end":{"line":76,"column":21}},"22":{"start":{"line":75,"column":24},"end":{"line":75,"column":63}},"23":{"start":{"line":84,"column":31},"end":{"line":84,"column":65}}},"fnMap":{"0":{"name":"(anonymous_0)","decl":{"start":{"line":11,"column":19},"end":{"line":11,"column":20}},"loc":{"start":{"line":11,"column":25},"end":{"line":90,"column":1}},"line":11},"1":{"name":"(anonymous_1)","decl":{"start":{"line":13,"column":85},"end":{"line":13,"column":86}},"loc":{"start":{"line":13,"column":94},"end":{"line":13,"column":106}},"line":13},"2":{"name":"(anonymous_2)","decl":{"start":{"line":15,"column":29},"end":{"line":15,"column":30}},"loc":{"start":{"line":15,"column":36},"end":{"line":20,"column":5}},"line":15},"3":{"name":"(anonymous_3)","decl":{"start":{"line":22,"column":42},"end":{"line":22,"column":43}},"loc":{"start":{"line":22,"column":48},"end":{"line":45,"column":5}},"line":22},"4":{"name":"(anonymous_4)","decl":{"start":{"line":32,"column":46},"end":{"line":32,"column":47}},"loc":{"start":{"line":33,"column":16},"end":{"line":33,"column":63}},"line":33},"5":{"name":"(anonymous_5)","decl":{"start":{"line":73,"column":26},"end":{"line":73,"column":27}},"loc":{"start":{"line":73,"column":33},"end":{"line":77,"column":17}},"line":73},"6":{"name":"(anonymous_6)","decl":{"start":{"line":84,"column":25},"end":{"line":84,"column":26}},"loc":{"start":{"line":84,"column":31},"end":{"line":84,"column":65}},"line":84}},"branchMap":{"0":{"loc":{"start":{"line":24,"column":16},"end":{"line":24,"column":59}},"type":"cond-expr","locations":[{"start":{"line":24,"column":31},"end":{"line":24,"column":46}},{"start":{"line":24,"column":49},"end":{"line":24,"column":59}}],"line":24},"1":{"loc":{"start":{"line":31,"column":8},"end":{"line":37,"column":9}},"type":"if","locations":[{"start":{"line":31,"column":8},"end":{"line":37,"column":9}},{"start":{"line":35,"column":15},"end":{"line":37,"column":9}}],"line":31},"2":{"loc":{"start":{"line":33,"column":16},"end":{"line":33,"column":63}},"type":"cond-expr","locations":[{"start":{"line":33,"column":47},"end":{"line":33,"column":55}},{"start":{"line":33,"column":58},"end":{"line":33,"column":63}}],"line":33},"3":{"loc":{"start":{"line":74,"column":20},"end":{"line":76,"column":21}},"type":"if","locations":[{"start":{"line":74,"column":20},"end":{"line":76,"column":21}},{"start":{},"end":{}}],"line":74},"4":{"loc":{"start":{"line":80,"column":17},"end":{"line":80,"column":60}},"type":"cond-expr","locations":[{"start":{"line":80,"column":32},"end":{"line":80,"column":46}},{"start":{"line":80,"column":49},"end":{"line":80,"column":60}}],"line":80}},"s":{"0":3,"1":8,"2":7,"3":14,"4":7,"5":0,"6":0,"7":0,"8":7,"9":0,"10":0,"11":0,"12":0,"13":0,"14":0,"15":0,"16":0,"17":0,"18":0,"19":0,"20":7,"21":1,"22":1,"23":1},"f":{"0":8,"1":14,"2":0,"3":0,"4":0,"5":1,"6":1},"b":{"0":[0,0],"1":[0,0],"2":[0,0],"3":[1,0],"4":[0,3]},"_coverageSchema":"1a1c01bbd47fc00a2c39e90264f33305004495a9","hash":"60bb777cd7c825deaff36a8283917a0dbc85c4eb"}
,"C:\\kbtu_project\\copy_repo\\onlinescheduler\\Online-scheduler\\my-app\\src\\components\\CalendarApp\\EventSideBar\\Events\\Events.jsx": {"path":"C:\\kbtu_project\\copy_repo\\onlinescheduler\\Online-scheduler\\my-app\\src\\components\\CalendarApp\\EventSideBar\\Events\\Events.jsx","statementMap":{"0":{"start":{"line":6,"column":15},"end":{"line":38,"column":1}},"1":{"start":{"line":8,"column":25},"end":{"line":8,"column":36}},"2":{"start":{"line":9,"column":21},"end":{"line":9,"column":34}},"3":{"start":{"line":10,"column":19},"end":{"line":10,"column":66}},"4":{"start":{"line":10,"column":40},"end":{"line":10,"column":65}},"5":{"start":{"line":12,"column":4},"end":{"line":12,"column":58}},"6":{"start":{"line":12,"column":24},"end":{"line":12,"column":58}},"7":{"start":{"line":14,"column":4},"end":{"line":37,"column":12}},"8":{"start":{"line":18,"column":20},"end":{"line":34,"column":26}},"9":{"start":{"line":30,"column":46},"end":{"line":30,"column":78}},"10":{"start":{"line":32,"column":46},"end":{"line":32,"column":77}}},"fnMap":{"0":{"name":"(anonymous_0)","decl":{"start":{"line":6,"column":15},"end":{"line":6,"column":16}},"loc":{"start":{"line":6,"column":21},"end":{"line":38,"column":1}},"line":6},"1":{"name":"(anonymous_1)","decl":{"start":{"line":10,"column":31},"end":{"line":10,"column":32}},"loc":{"start":{"line":10,"column":40},"end":{"line":10,"column":65}},"line":10},"2":{"name":"(anonymous_2)","decl":{"start":{"line":17,"column":27},"end":{"line":17,"column":28}},"loc":{"start":{"line":18,"column":20},"end":{"line":34,"column":26}},"line":18},"3":{"name":"(anonymous_3)","decl":{"start":{"line":30,"column":40},"end":{"line":30,"column":41}},"loc":{"start":{"line":30,"column":46},"end":{"line":30,"column":78}},"line":30},"4":{"name":"(anonymous_4)","decl":{"start":{"line":32,"column":40},"end":{"line":32,"column":41}},"loc":{"start":{"line":32,"column":46},"end":{"line":32,"column":77}},"line":32}},"branchMap":{"0":{"loc":{"start":{"line":10,"column":40},"end":{"line":10,"column":65}},"type":"binary-expr","locations":[{"start":{"line":10,"column":40},"end":{"line":10,"column":59}},{"start":{"line":10,"column":63},"end":{"line":10,"column":65}}],"line":10},"1":{"loc":{"start":{"line":12,"column":4},"end":{"line":12,"column":58}},"type":"if","locations":[{"start":{"line":12,"column":4},"end":{"line":12,"column":58}},{"start":{},"end":{}}],"line":12}},"s":{"0":2,"1":3,"2":3,"3":3,"4":6,"5":3,"6":3,"7":0,"8":0,"9":0,"10":0},"f":{"0":3,"1":6,"2":0,"3":0,"4":0},"b":{"0":[6,0],"1":[3,0]},"_coverageSchema":"1a1c01bbd47fc00a2c39e90264f33305004495a9","hash":"d4f8daab4b5a0465598e031033bd8811beb89337"}
,"C:\\kbtu_project\\copy_repo\\onlinescheduler\\Online-scheduler\\my-app\\src\\store\\eventsSlice.js": {"path":"C:\\kbtu_project\\copy_repo\\onlinescheduler\\Online-scheduler\\my-app\\src\\store\\eventsSlice.js","statementMap":{"0":{"start":{"line":3,"column":19},"end":{"line":48,"column":2}},"1":{"start":{"line":15,"column":12},"end":{"line":15,"column":45}},"2":{"start":{"line":18,"column":12},"end":{"line":18,"column":45}},"3":{"start":{"line":21,"column":12},"end":{"line":21,"column":50}},"4":{"start":{"line":24,"column":12},"end":{"line":24,"column":48}},"5":{"start":{"line":27,"column":12},"end":{"line":27,"column":48}},"6":{"start":{"line":30,"column":12},"end":{"line":30,"column":42}},"7":{"start":{"line":33,"column":34},"end":{"line":33,"column":91}},"8":{"start":{"line":33,"column":63},"end":{"line":33,"column":90}},"9":{"start":{"line":34,"column":12},"end":{"line":34,"column":41}},"10":{"start":{"line":37,"column":26},"end":{"line":37,"column":40}},"11":{"start":{"line":38,"column":12},"end":{"line":38,"column":54}},"12":{"start":{"line":39,"column":12},"end":{"line":42,"column":14}},"13":{"start":{"line":43,"column":12},"end":{"line":43,"column":41}},"14":{"start":{"line":44,"column":12},"end":{"line":44,"column":39}},"15":{"start":{"line":45,"column":12},"end":{"line":45,"column":40}},"16":{"start":{"line":59,"column":4},"end":{"line":59,"column":22}}},"fnMap":{"0":{"name":"(anonymous_0)","decl":{"start":{"line":14,"column":22},"end":{"line":14,"column":23}},"loc":{"start":{"line":14,"column":41},"end":{"line":16,"column":9}},"line":14},"1":{"name":"(anonymous_1)","decl":{"start":{"line":17,"column":22},"end":{"line":17,"column":23}},"loc":{"start":{"line":17,"column":41},"end":{"line":19,"column":9}},"line":17},"2":{"name":"(anonymous_2)","decl":{"start":{"line":20,"column":27},"end":{"line":20,"column":28}},"loc":{"start":{"line":20,"column":46},"end":{"line":22,"column":9}},"line":20},"3":{"name":"(anonymous_3)","decl":{"start":{"line":23,"column":25},"end":{"line":23,"column":26}},"loc":{"start":{"line":23,"column":44},"end":{"line":25,"column":9}},"line":23},"4":{"name":"(anonymous_4)","decl":{"start":{"line":26,"column":25},"end":{"line":26,"column":26}},"loc":{"start":{"line":26,"column":44},"end":{"line":28,"column":9}},"line":26},"5":{"name":"(anonymous_5)","decl":{"start":{"line":29,"column":19},"end":{"line":29,"column":20}},"loc":{"start":{"line":29,"column":38},"end":{"line":31,"column":9}},"line":29},"6":{"name":"(anonymous_6)","decl":{"start":{"line":32,"column":21},"end":{"line":32,"column":22}},"loc":{"start":{"line":32,"column":40},"end":{"line":35,"column":9}},"line":32},"7":{"name":"(anonymous_7)","decl":{"start":{"line":33,"column":54},"end":{"line":33,"column":55}},"loc":{"start":{"line":33,"column":63},"end":{"line":33,"column":90}},"line":33},"8":{"name":"(anonymous_8)","decl":{"start":{"line":36,"column":25},"end":{"line":36,"column":26}},"loc":{"start":{"line":36,"column":44},"end":{"line":46,"column":9}},"line":36}},"branchMap":{},"s":{"0":4,"1":0,"2":1,"3":1,"4":0,"5":0,"6":1,"7":0,"8":0,"9":0,"10":0,"11":0,"12":0,"13":0,"14":0,"15":0,"16":4},"f":{"0":0,"1":1,"2":1,"3":0,"4":0,"5":1,"6":0,"7":0,"8":0},"b":{},"_coverageSchema":"1a1c01bbd47fc00a2c39e90264f33305004495a9","hash":"d281d4106eefb7b41832e31276b3ede145b22438"}
}
